[0m13:33:17.964446 [debug] [MainThread]: Sending event: {'category': 'dbt', 'action': 'invocation', 'label': 'start', 'context': [<snowplow_tracker.self_describing_json.SelfDescribingJson object at 0x104aff4f0>, <snowplow_tracker.self_describing_json.SelfDescribingJson object at 0x1065a6610>, <snowplow_tracker.self_describing_json.SelfDescribingJson object at 0x1065e8130>]}


============================== 13:33:17.967094 | 3a13703c-c54a-4693-b248-91a9ed732389 ==============================
[0m13:33:17.967094 [info ] [MainThread]: Running with dbt=1.7.0
[0m13:33:17.967461 [debug] [MainThread]: running dbt with arguments {'printer_width': '80', 'indirect_selection': 'eager', 'write_json': 'True', 'log_cache_events': 'False', 'partial_parse': 'True', 'cache_selected_only': 'False', 'profiles_dir': '/Users/joshuabotticher/.dbt', 'version_check': 'True', 'fail_fast': 'False', 'log_path': 'logs', 'warn_error': 'None', 'debug': 'False', 'use_colors': 'True', 'use_experimental_parser': 'False', 'no_print': 'None', 'quiet': 'False', 'warn_error_options': 'WarnErrorOptions(include=[], exclude=[])', 'static_parser': 'True', 'invocation_command': 'dbt init', 'introspect': 'True', 'target_path': 'None', 'log_format': 'default', 'send_anonymous_usage_stats': 'True'}
[0m13:33:29.253820 [debug] [MainThread]: Starter project path: /Users/joshuabotticher/Library/Python/3.9/lib/python/site-packages/dbt/include/starter_project
[0m13:33:29.267585 [info ] [MainThread]: 
Your new dbt project "dbt_earthquake" was created!

For more information on how to configure the profiles.yml file,
please consult the dbt documentation here:

  https://docs.getdbt.com/docs/configure-your-profile

One more thing:

Need help? Don't hesitate to reach out to us via GitHub issues or on Slack:

  https://community.getdbt.com/

Happy modeling!

[0m13:33:29.268389 [info ] [MainThread]: Setting up your profile.
[0m13:34:29.228666 [info ] [MainThread]: Profile dbt_earthquake written to /Users/joshuabotticher/.dbt/profiles.yml using target's profile_template.yml and your supplied values. Run 'dbt debug' to validate the connection.
[0m13:34:29.239888 [debug] [MainThread]: Resource report: {"command_name": "init", "command_success": true, "command_wall_clock_time": 71.309814, "process_user_time": 1.31802, "process_kernel_time": 0.259242, "process_mem_max_rss": "144932864", "process_in_blocks": "0", "process_out_blocks": "0"}
[0m13:34:29.243595 [debug] [MainThread]: Command `dbt init` succeeded at 13:34:29.243086 after 71.31 seconds
[0m13:34:29.245411 [debug] [MainThread]: Sending event: {'category': 'dbt', 'action': 'invocation', 'label': 'end', 'context': [<snowplow_tracker.self_describing_json.SelfDescribingJson object at 0x104aff4f0>, <snowplow_tracker.self_describing_json.SelfDescribingJson object at 0x1065e9310>, <snowplow_tracker.self_describing_json.SelfDescribingJson object at 0x1065e8130>]}
[0m13:34:29.247096 [debug] [MainThread]: Flushing usage events
[0m13:34:52.475033 [debug] [MainThread]: Sending event: {'category': 'dbt', 'action': 'invocation', 'label': 'start', 'context': [<snowplow_tracker.self_describing_json.SelfDescribingJson object at 0x102fb55b0>, <snowplow_tracker.self_describing_json.SelfDescribingJson object at 0x104a57970>, <snowplow_tracker.self_describing_json.SelfDescribingJson object at 0x104a94490>]}


============================== 13:34:52.478072 | 92c4497c-1b75-468f-bbe9-4d40ae60e10f ==============================
[0m13:34:52.478072 [info ] [MainThread]: Running with dbt=1.7.0
[0m13:34:52.478450 [debug] [MainThread]: running dbt with arguments {'printer_width': '80', 'indirect_selection': 'eager', 'log_cache_events': 'False', 'write_json': 'True', 'partial_parse': 'True', 'cache_selected_only': 'False', 'warn_error': 'None', 'fail_fast': 'False', 'profiles_dir': '/Users/joshuabotticher/.dbt', 'log_path': 'logs', 'debug': 'False', 'version_check': 'True', 'use_colors': 'True', 'use_experimental_parser': 'False', 'no_print': 'None', 'quiet': 'False', 'warn_error_options': 'WarnErrorOptions(include=[], exclude=[])', 'static_parser': 'True', 'log_format': 'default', 'introspect': 'True', 'target_path': 'None', 'invocation_command': 'dbt debug', 'send_anonymous_usage_stats': 'True'}
[0m13:34:52.478904 [info ] [MainThread]: dbt version: 1.7.0
[0m13:34:52.479130 [info ] [MainThread]: python version: 3.9.6
[0m13:34:52.479318 [info ] [MainThread]: python path: /Library/Developer/CommandLineTools/usr/bin/python3
[0m13:34:52.479501 [info ] [MainThread]: os info: macOS-14.5-arm64-arm-64bit
[0m13:34:53.025726 [info ] [MainThread]: Using profiles dir at /Users/joshuabotticher/.dbt
[0m13:34:53.026037 [info ] [MainThread]: Using profiles.yml file at /Users/joshuabotticher/.dbt/profiles.yml
[0m13:34:53.026253 [info ] [MainThread]: Using dbt_project.yml file at /Users/joshuabotticher/dec-capstone/earthquake_elt/app/dbt_project.yml
[0m13:34:53.026490 [error] [MainThread]: Encountered an error:
Internal Error
  Profile should not be None if loading profile completed
[0m13:34:53.027723 [debug] [MainThread]: Resource report: {"command_name": "debug", "command_wall_clock_time": 0.5915289, "process_user_time": 1.343647, "process_kernel_time": 0.162579, "process_mem_max_rss": "145588224", "command_success": false, "process_in_blocks": "0", "process_out_blocks": "0"}
[0m13:34:53.028011 [debug] [MainThread]: Command `dbt debug` failed at 13:34:53.027941 after 0.59 seconds
[0m13:34:53.028246 [debug] [MainThread]: Sending event: {'category': 'dbt', 'action': 'invocation', 'label': 'end', 'context': [<snowplow_tracker.self_describing_json.SelfDescribingJson object at 0x102fb55b0>, <snowplow_tracker.self_describing_json.SelfDescribingJson object at 0x104a8ae50>, <snowplow_tracker.self_describing_json.SelfDescribingJson object at 0x1042b1790>]}
[0m13:34:53.028454 [debug] [MainThread]: Flushing usage events
[0m13:42:07.716636 [debug] [MainThread]: Sending event: {'category': 'dbt', 'action': 'invocation', 'label': 'start', 'context': [<snowplow_tracker.self_describing_json.SelfDescribingJson object at 0x1038834f0>, <snowplow_tracker.self_describing_json.SelfDescribingJson object at 0x105327c10>, <snowplow_tracker.self_describing_json.SelfDescribingJson object at 0x105368d00>]}


============================== 13:42:07.719460 | cc566706-7c98-4cbf-bafe-170b595da5fa ==============================
[0m13:42:07.719460 [info ] [MainThread]: Running with dbt=1.7.0
[0m13:42:07.719810 [debug] [MainThread]: running dbt with arguments {'printer_width': '80', 'indirect_selection': 'eager', 'log_cache_events': 'False', 'write_json': 'True', 'partial_parse': 'True', 'cache_selected_only': 'False', 'warn_error': 'None', 'fail_fast': 'False', 'debug': 'False', 'log_path': 'logs', 'profiles_dir': '/Users/joshuabotticher/.dbt', 'version_check': 'True', 'use_colors': 'True', 'use_experimental_parser': 'False', 'no_print': 'None', 'quiet': 'False', 'warn_error_options': 'WarnErrorOptions(include=[], exclude=[])', 'invocation_command': 'dbt debug', 'log_format': 'default', 'static_parser': 'True', 'target_path': 'None', 'introspect': 'True', 'send_anonymous_usage_stats': 'True'}
[0m13:42:07.720226 [info ] [MainThread]: dbt version: 1.7.0
[0m13:42:07.720436 [info ] [MainThread]: python version: 3.9.6
[0m13:42:07.720623 [info ] [MainThread]: python path: /Library/Developer/CommandLineTools/usr/bin/python3
[0m13:42:07.720807 [info ] [MainThread]: os info: macOS-14.5-arm64-arm-64bit
[0m13:42:08.207399 [info ] [MainThread]: Using profiles dir at /Users/joshuabotticher/.dbt
[0m13:42:08.207725 [info ] [MainThread]: Using profiles.yml file at /Users/joshuabotticher/.dbt/profiles.yml
[0m13:42:08.207954 [info ] [MainThread]: Using dbt_project.yml file at /Users/joshuabotticher/dec-capstone/earthquake_elt/app/dbt_project.yml
[0m13:42:08.208246 [error] [MainThread]: Encountered an error:
Internal Error
  Profile should not be None if loading profile completed
[0m13:42:08.210051 [debug] [MainThread]: Resource report: {"command_name": "debug", "command_wall_clock_time": 0.5299297, "process_user_time": 1.346805, "process_kernel_time": 0.196708, "process_mem_max_rss": "151388160", "command_success": false, "process_in_blocks": "0", "process_out_blocks": "0"}
[0m13:42:08.210407 [debug] [MainThread]: Command `dbt debug` failed at 13:42:08.210320 after 0.53 seconds
[0m13:42:08.210668 [debug] [MainThread]: Sending event: {'category': 'dbt', 'action': 'invocation', 'label': 'end', 'context': [<snowplow_tracker.self_describing_json.SelfDescribingJson object at 0x1038834f0>, <snowplow_tracker.self_describing_json.SelfDescribingJson object at 0x105332910>, <snowplow_tracker.self_describing_json.SelfDescribingJson object at 0x10535abb0>]}
[0m13:42:08.210934 [debug] [MainThread]: Flushing usage events
[0m13:44:17.805307 [debug] [MainThread]: Sending event: {'category': 'dbt', 'action': 'invocation', 'label': 'start', 'context': [<snowplow_tracker.self_describing_json.SelfDescribingJson object at 0x1069815b0>, <snowplow_tracker.self_describing_json.SelfDescribingJson object at 0x108421a00>, <snowplow_tracker.self_describing_json.SelfDescribingJson object at 0x1084641f0>]}


============================== 13:44:17.808103 | b7f8e143-3f5c-4e55-80bb-ce9f833a1c38 ==============================
[0m13:44:17.808103 [info ] [MainThread]: Running with dbt=1.7.0
[0m13:44:17.808445 [debug] [MainThread]: running dbt with arguments {'printer_width': '80', 'indirect_selection': 'eager', 'write_json': 'True', 'log_cache_events': 'False', 'partial_parse': 'True', 'cache_selected_only': 'False', 'warn_error': 'None', 'fail_fast': 'False', 'version_check': 'True', 'log_path': 'logs', 'profiles_dir': '/Users/joshuabotticher/.dbt', 'debug': 'False', 'use_colors': 'True', 'use_experimental_parser': 'False', 'no_print': 'None', 'quiet': 'False', 'warn_error_options': 'WarnErrorOptions(include=[], exclude=[])', 'introspect': 'True', 'static_parser': 'True', 'log_format': 'default', 'target_path': 'None', 'invocation_command': 'dbt debug', 'send_anonymous_usage_stats': 'True'}
[0m13:44:17.808822 [info ] [MainThread]: dbt version: 1.7.0
[0m13:44:17.809025 [info ] [MainThread]: python version: 3.9.6
[0m13:44:17.809210 [info ] [MainThread]: python path: /Library/Developer/CommandLineTools/usr/bin/python3
[0m13:44:17.809394 [info ] [MainThread]: os info: macOS-14.5-arm64-arm-64bit
[0m13:44:18.279623 [info ] [MainThread]: Using profiles dir at /Users/joshuabotticher/.dbt
[0m13:44:18.280101 [info ] [MainThread]: Using profiles.yml file at /Users/joshuabotticher/.dbt/profiles.yml
[0m13:44:18.280355 [info ] [MainThread]: Using dbt_project.yml file at /Users/joshuabotticher/dec-capstone/earthquake_elt/app/dbt_project.yml
[0m13:44:18.280973 [info ] [MainThread]: adapter type: snowflake
[0m13:44:18.281212 [info ] [MainThread]: adapter version: 1.7.0
[0m13:44:18.281428 [info ] [MainThread]: Configuration:
[0m13:44:18.281622 [info ] [MainThread]:   profiles.yml file [[32mOK found and valid[0m]
[0m13:44:18.281817 [info ] [MainThread]:   dbt_project.yml file [[31mERROR not found[0m]
[0m13:44:18.282004 [info ] [MainThread]: Required dependencies:
[0m13:44:18.282230 [debug] [MainThread]: Executing "git --help"
[0m13:44:18.313178 [debug] [MainThread]: STDOUT: "b"usage: git [-v | --version] [-h | --help] [-C <path>] [-c <name>=<value>]\n           [--exec-path[=<path>]] [--html-path] [--man-path] [--info-path]\n           [-p | --paginate | -P | --no-pager] [--no-replace-objects] [--bare]\n           [--git-dir=<path>] [--work-tree=<path>] [--namespace=<name>]\n           [--config-env=<name>=<envvar>] <command> [<args>]\n\nThese are common Git commands used in various situations:\n\nstart a working area (see also: git help tutorial)\n   clone     Clone a repository into a new directory\n   init      Create an empty Git repository or reinitialize an existing one\n\nwork on the current change (see also: git help everyday)\n   add       Add file contents to the index\n   mv        Move or rename a file, a directory, or a symlink\n   restore   Restore working tree files\n   rm        Remove files from the working tree and from the index\n\nexamine the history and state (see also: git help revisions)\n   bisect    Use binary search to find the commit that introduced a bug\n   diff      Show changes between commits, commit and working tree, etc\n   grep      Print lines matching a pattern\n   log       Show commit logs\n   show      Show various types of objects\n   status    Show the working tree status\n\ngrow, mark and tweak your common history\n   branch    List, create, or delete branches\n   commit    Record changes to the repository\n   merge     Join two or more development histories together\n   rebase    Reapply commits on top of another base tip\n   reset     Reset current HEAD to the specified state\n   switch    Switch branches\n   tag       Create, list, delete or verify a tag object signed with GPG\n\ncollaborate (see also: git help workflows)\n   fetch     Download objects and refs from another repository\n   pull      Fetch from and integrate with another repository or a local branch\n   push      Update remote refs along with associated objects\n\n'git help -a' and 'git help -g' list available subcommands and some\nconcept guides. See 'git help <command>' or 'git help <concept>'\nto read about a specific subcommand or concept.\nSee 'git help git' for an overview of the system.\n""
[0m13:44:18.313879 [debug] [MainThread]: STDERR: "b''"
[0m13:44:18.314155 [info ] [MainThread]:  - git [[32mOK found[0m]

[0m13:44:18.314395 [info ] [MainThread]: Connection:
[0m13:44:18.314653 [info ] [MainThread]:   account: LRKONNZ.EPB14671
[0m13:44:18.314843 [info ] [MainThread]:   user: jjbotticher
[0m13:44:18.315028 [info ] [MainThread]:   database: earthquake
[0m13:44:18.315209 [info ] [MainThread]:   warehouse: xsmall_wh
[0m13:44:18.315389 [info ] [MainThread]:   role: accountadmin
[0m13:44:18.315567 [info ] [MainThread]:   schema: dbt
[0m13:44:18.315747 [info ] [MainThread]:   authenticator: None
[0m13:44:18.315926 [info ] [MainThread]:   private_key_path: None
[0m13:44:18.316101 [info ] [MainThread]:   token: None
[0m13:44:18.316279 [info ] [MainThread]:   oauth_client_id: None
[0m13:44:18.316454 [info ] [MainThread]:   query_tag: None
[0m13:44:18.316632 [info ] [MainThread]:   client_session_keep_alive: False
[0m13:44:18.316811 [info ] [MainThread]:   host: None
[0m13:44:18.316987 [info ] [MainThread]:   port: None
[0m13:44:18.317189 [info ] [MainThread]:   proxy_host: None
[0m13:44:18.317543 [info ] [MainThread]:   proxy_port: None
[0m13:44:18.317839 [info ] [MainThread]:   protocol: None
[0m13:44:18.318131 [info ] [MainThread]:   connect_retries: 1
[0m13:44:18.318355 [info ] [MainThread]:   connect_timeout: None
[0m13:44:18.318545 [info ] [MainThread]:   retry_on_database_errors: False
[0m13:44:18.318731 [info ] [MainThread]:   retry_all: False
[0m13:44:18.318911 [info ] [MainThread]:   insecure_mode: False
[0m13:44:18.319092 [info ] [MainThread]:   reuse_connections: None
[0m13:44:18.319445 [info ] [MainThread]: Registered adapter: snowflake=1.7.0
[0m13:44:18.355841 [debug] [MainThread]: Acquiring new snowflake connection 'debug'
[0m13:44:18.356782 [debug] [MainThread]: Using snowflake connection "debug"
[0m13:44:18.357022 [debug] [MainThread]: On debug: select 1 as id
[0m13:44:18.357236 [debug] [MainThread]: Opening a new connection, currently in state init
[0m13:44:21.041820 [debug] [MainThread]: Snowflake adapter: Error running SQL: select 1 as id
[0m13:44:21.042289 [debug] [MainThread]: Snowflake adapter: Rolling back transaction.
[0m13:44:21.042638 [debug] [MainThread]: On debug: No close available on handle
[0m13:44:21.042995 [info ] [MainThread]:   Connection test: [[31mERROR[0m]

[0m13:44:21.043352 [info ] [MainThread]: [31m2 checks failed:[0m
[0m13:44:21.043722 [info ] [MainThread]: Project loading failed for the following reason:
 project path </Users/joshuabotticher/dec-capstone/earthquake_elt/app/dbt_project.yml> not found

[0m13:44:21.044110 [info ] [MainThread]: dbt was unable to connect to the specified database.
The database returned the following error:

  >Database Error
  250001: Could not connect to Snowflake backend after 2 attempt(s).Aborting

Check your database credentials and try again. For more information, visit:
https://docs.getdbt.com/docs/configure-your-profile


[0m13:44:21.046518 [debug] [MainThread]: Resource report: {"command_name": "debug", "command_wall_clock_time": 3.2792974, "process_user_time": 1.716218, "process_kernel_time": 0.249707, "process_mem_max_rss": "160727040", "command_success": false, "process_in_blocks": "0", "process_out_blocks": "0"}
[0m13:44:21.047134 [debug] [MainThread]: Command `dbt debug` failed at 13:44:21.046995 after 3.28 seconds
[0m13:44:21.047469 [debug] [MainThread]: Connection 'debug' was properly closed.
[0m13:44:21.047878 [debug] [MainThread]: Sending event: {'category': 'dbt', 'action': 'invocation', 'label': 'end', 'context': [<snowplow_tracker.self_describing_json.SelfDescribingJson object at 0x1069815b0>, <snowplow_tracker.self_describing_json.SelfDescribingJson object at 0x10bdc5730>, <snowplow_tracker.self_describing_json.SelfDescribingJson object at 0x10bdc5520>]}
[0m13:44:21.048245 [debug] [MainThread]: Flushing usage events
