[32m2024-08-18 10:23:46 -0400[0m - dagster - [34mDEBUG[0m - earthquake_pipeline - 8f3ff54c-28a2-4299-a9ef-0eb35326aec6 - 27887 - LOGS_CAPTURED - Started capturing logs in process (pid: 27887).
[32m2024-08-18 10:23:46 -0400[0m - dagster - [34mDEBUG[0m - earthquake_pipeline - 8f3ff54c-28a2-4299-a9ef-0eb35326aec6 - 27887 - dbt_warehouse - STEP_START - Started execution of step "dbt_warehouse".
[32m2024-08-18 10:23:49 -0400[0m - dagster - [34mINFO[0m - earthquake_pipeline - 8f3ff54c-28a2-4299-a9ef-0eb35326aec6 - dbt_warehouse - Copying `/Users/joshuabotticher/dec-capstone/earthquake_elt/App/dbt_earthquake/warehouse/target/partial_parse.msgpack` to `/Users/joshuabotticher/dec-capstone/earthquake_elt/App/dbt_earthquake/warehouse/target/dbt_warehouse-8f3ff54-98094e1/partial_parse.msgpack` to take advantage of partial parsing.
[32m2024-08-18 10:23:49 -0400[0m - dagster - [34mINFO[0m - earthquake_pipeline - 8f3ff54c-28a2-4299-a9ef-0eb35326aec6 - dbt_warehouse - Running dbt command: `dbt build`.
[32m2024-08-18 10:24:11 -0400[0m - dagster - [34mINFO[0m - earthquake_pipeline - 8f3ff54c-28a2-4299-a9ef-0eb35326aec6 - dbt_warehouse - No dbt manifest was provided. Dagster events for dbt tests will not be created.
[32m2024-08-18 10:24:11 -0400[0m - dagster - [34mERROR[0m - [31mearthquake_pipeline - 8f3ff54c-28a2-4299-a9ef-0eb35326aec6 - 27887 - dbt_warehouse - STEP_FAILURE - Execution of step "dbt_warehouse" failed.

dagster._core.errors.DagsterExecutionStepExecutionError: Error occurred while executing op "dbt_warehouse"::

KeyError: 'nodes'

Stack Trace:
  File "/Users/joshuabotticher/Library/Python/3.9/lib/python/site-packages/dagster/_core/execution/plan/utils.py", line 54, in op_execution_error_boundary
    yield
  File "/Users/joshuabotticher/Library/Python/3.9/lib/python/site-packages/dagster/_utils/__init__.py", line 474, in iterate_with_context
    next_output = next(iterator)
  File "/Users/joshuabotticher/dec-capstone/earthquake_elt/App/dagster_elt/dagster_elt/assets/dbt/dbt.py", line 31, in dbt_warehouse
    yield from dbt_warehouse_resource.cli(["build"], context=context).stream()
  File "/Users/joshuabotticher/Library/Python/3.9/lib/python/site-packages/dagster_dbt/core/dbt_event_iterator.py", line 203, in __next__
    return next(self._inner_iterator)
  File "/Users/joshuabotticher/Library/Python/3.9/lib/python/site-packages/dagster_dbt/core/dbt_cli_invocation.py", line 270, in _stream_asset_events
    yield from event.to_default_asset_events(
  File "/Users/joshuabotticher/Library/Python/3.9/lib/python/site-packages/dagster_dbt/core/dbt_cli_event.py", line 323, in to_default_asset_events
    print(manifest["nodes"])
[0m
