[32m2024-08-18 10:01:52 -0400[0m - dagster - [34mDEBUG[0m - earthquake_pipeline - f6d1ae58-a000-409c-93ac-5cbac5999a43 - 26061 - LOGS_CAPTURED - Started capturing logs in process (pid: 26061).
[32m2024-08-18 10:01:52 -0400[0m - dagster - [34mDEBUG[0m - earthquake_pipeline - f6d1ae58-a000-409c-93ac-5cbac5999a43 - 26061 - raw_earthquake - STEP_START - Started execution of step "raw_earthquake".
[32m2024-08-18 10:01:52 -0400[0m - dagster - [34mINFO[0m - earthquake_pipeline - f6d1ae58-a000-409c-93ac-5cbac5999a43 - raw_earthquake - Triggering Airbyte sync for connection ID: 6ea9dba8-00d9-497d-a0ec-e9b30bf2363a
[32m2024-08-18 10:01:52 -0400[0m - dagster - [34mINFO[0m - earthquake_pipeline - f6d1ae58-a000-409c-93ac-5cbac5999a43 - raw_earthquake - Checking Airbyte server health at http://localhost:8001/api/public/v1/health
[32m2024-08-18 10:01:53 -0400[0m - dagster - [34mINFO[0m - earthquake_pipeline - f6d1ae58-a000-409c-93ac-5cbac5999a43 - raw_earthquake - Airbyte connection is valid.
[32m2024-08-18 10:01:53 -0400[0m - dagster - [34mINFO[0m - earthquake_pipeline - f6d1ae58-a000-409c-93ac-5cbac5999a43 - raw_earthquake - Triggering Airbyte sync job with connection ID: 6ea9dba8-00d9-497d-a0ec-e9b30bf2363a at http://localhost:8001/api/public/v1/jobs
[32m2024-08-18 10:01:56 -0400[0m - dagster - [34mDEBUG[0m - earthquake_pipeline - f6d1ae58-a000-409c-93ac-5cbac5999a43 - raw_earthquake - Sync job trigger response: Status code: 200 - Response text: {"jobId":275,"status":"running","jobType":"sync","startTime":"2024-08-18T14:01:55Z","connectionId":"6ea9dba8-00d9-497d-a0ec-e9b30bf2363a","duration":"PT0S"}
[32m2024-08-18 10:01:56 -0400[0m - dagster - [34mINFO[0m - earthquake_pipeline - f6d1ae58-a000-409c-93ac-5cbac5999a43 - raw_earthquake - Sync job triggered successfully. Job ID: 275
[32m2024-08-18 10:01:56 -0400[0m - dagster - [34mINFO[0m - earthquake_pipeline - f6d1ae58-a000-409c-93ac-5cbac5999a43 - raw_earthquake - Checking status of Airbyte sync job with Job ID: 275
[32m2024-08-18 10:01:56 -0400[0m - dagster - [34mDEBUG[0m - earthquake_pipeline - f6d1ae58-a000-409c-93ac-5cbac5999a43 - raw_earthquake - Requesting job status from http://localhost:8001/api/public/v1/jobs/275
[32m2024-08-18 10:01:57 -0400[0m - dagster - [34mDEBUG[0m - earthquake_pipeline - f6d1ae58-a000-409c-93ac-5cbac5999a43 - raw_earthquake - Job status response: Status code: 200 - Response text: {"jobId":275,"status":"running","jobType":"sync","startTime":"2024-08-18T14:01:55Z","connectionId":"6ea9dba8-00d9-497d-a0ec-e9b30bf2363a","duration":"PT0S","bytesSynced":0,"rowsSynced":0}
[32m2024-08-18 10:01:57 -0400[0m - dagster - [34mINFO[0m - earthquake_pipeline - f6d1ae58-a000-409c-93ac-5cbac5999a43 - raw_earthquake - Job 275 is still in progress. Checking again in 10 seconds.
[32m2024-08-18 10:02:07 -0400[0m - dagster - [34mDEBUG[0m - earthquake_pipeline - f6d1ae58-a000-409c-93ac-5cbac5999a43 - raw_earthquake - Requesting job status from http://localhost:8001/api/public/v1/jobs/275
[32m2024-08-18 10:02:07 -0400[0m - dagster - [34mDEBUG[0m - earthquake_pipeline - f6d1ae58-a000-409c-93ac-5cbac5999a43 - raw_earthquake - Job status response: Status code: 200 - Response text: {"jobId":275,"status":"running","jobType":"sync","startTime":"2024-08-18T14:01:55Z","connectionId":"6ea9dba8-00d9-497d-a0ec-e9b30bf2363a","duration":"PT0S","bytesSynced":0,"rowsSynced":0}
[32m2024-08-18 10:02:07 -0400[0m - dagster - [34mINFO[0m - earthquake_pipeline - f6d1ae58-a000-409c-93ac-5cbac5999a43 - raw_earthquake - Job 275 is still in progress. Checking again in 10 seconds.
[32m2024-08-18 10:02:17 -0400[0m - dagster - [34mDEBUG[0m - earthquake_pipeline - f6d1ae58-a000-409c-93ac-5cbac5999a43 - raw_earthquake - Requesting job status from http://localhost:8001/api/public/v1/jobs/275
[32m2024-08-18 10:02:18 -0400[0m - dagster - [34mDEBUG[0m - earthquake_pipeline - f6d1ae58-a000-409c-93ac-5cbac5999a43 - raw_earthquake - Job status response: Status code: 200 - Response text: {"jobId":275,"status":"running","jobType":"sync","startTime":"2024-08-18T14:01:55Z","connectionId":"6ea9dba8-00d9-497d-a0ec-e9b30bf2363a","duration":"PT0S","bytesSynced":0,"rowsSynced":0}
[32m2024-08-18 10:02:18 -0400[0m - dagster - [34mINFO[0m - earthquake_pipeline - f6d1ae58-a000-409c-93ac-5cbac5999a43 - raw_earthquake - Job 275 is still in progress. Checking again in 10 seconds.
[32m2024-08-18 10:02:28 -0400[0m - dagster - [34mDEBUG[0m - earthquake_pipeline - f6d1ae58-a000-409c-93ac-5cbac5999a43 - raw_earthquake - Requesting job status from http://localhost:8001/api/public/v1/jobs/275
[32m2024-08-18 10:02:28 -0400[0m - dagster - [34mDEBUG[0m - earthquake_pipeline - f6d1ae58-a000-409c-93ac-5cbac5999a43 - raw_earthquake - Job status response: Status code: 200 - Response text: {"jobId":275,"status":"running","jobType":"sync","startTime":"2024-08-18T14:01:55Z","connectionId":"6ea9dba8-00d9-497d-a0ec-e9b30bf2363a","duration":"PT0S","bytesSynced":0,"rowsSynced":0}
[32m2024-08-18 10:02:28 -0400[0m - dagster - [34mINFO[0m - earthquake_pipeline - f6d1ae58-a000-409c-93ac-5cbac5999a43 - raw_earthquake - Job 275 is still in progress. Checking again in 10 seconds.
[32m2024-08-18 10:02:38 -0400[0m - dagster - [34mDEBUG[0m - earthquake_pipeline - f6d1ae58-a000-409c-93ac-5cbac5999a43 - raw_earthquake - Requesting job status from http://localhost:8001/api/public/v1/jobs/275
[32m2024-08-18 10:02:38 -0400[0m - dagster - [34mDEBUG[0m - earthquake_pipeline - f6d1ae58-a000-409c-93ac-5cbac5999a43 - raw_earthquake - Job status response: Status code: 200 - Response text: {"jobId":275,"status":"running","jobType":"sync","startTime":"2024-08-18T14:01:55Z","connectionId":"6ea9dba8-00d9-497d-a0ec-e9b30bf2363a","duration":"PT0S","bytesSynced":0,"rowsSynced":0}
[32m2024-08-18 10:02:38 -0400[0m - dagster - [34mINFO[0m - earthquake_pipeline - f6d1ae58-a000-409c-93ac-5cbac5999a43 - raw_earthquake - Job 275 is still in progress. Checking again in 10 seconds.
[32m2024-08-18 10:02:48 -0400[0m - dagster - [34mDEBUG[0m - earthquake_pipeline - f6d1ae58-a000-409c-93ac-5cbac5999a43 - raw_earthquake - Requesting job status from http://localhost:8001/api/public/v1/jobs/275
[32m2024-08-18 10:02:49 -0400[0m - dagster - [34mDEBUG[0m - earthquake_pipeline - f6d1ae58-a000-409c-93ac-5cbac5999a43 - raw_earthquake - Job status response: Status code: 200 - Response text: {"jobId":275,"status":"succeeded","jobType":"sync","startTime":"2024-08-18T14:01:55Z","connectionId":"6ea9dba8-00d9-497d-a0ec-e9b30bf2363a","lastUpdatedAt":"2024-08-18T14:02:45Z","duration":"PT50S","bytesSynced":149966,"rowsSynced":1}
[32m2024-08-18 10:02:49 -0400[0m - dagster - [34mINFO[0m - earthquake_pipeline - f6d1ae58-a000-409c-93ac-5cbac5999a43 - raw_earthquake - Airbyte sync job 275 completed successfully.
[32m2024-08-18 10:02:49 -0400[0m - dagster - [34mDEBUG[0m - earthquake_pipeline - f6d1ae58-a000-409c-93ac-5cbac5999a43 - 26061 - raw_earthquake - STEP_OUTPUT - Yielded output "result" of type "Nothing". (Type check passed).
[32m2024-08-18 10:02:49 -0400[0m - dagster - [34mDEBUG[0m - earthquake_pipeline - f6d1ae58-a000-409c-93ac-5cbac5999a43 - 26061 - raw_earthquake - STEP_SUCCESS - Finished execution of step "raw_earthquake" in 56.13s.
