[32m2024-08-18 10:15:14 -0400[0m - dagster - [34mDEBUG[0m - earthquake_pipeline - 931cff3e-340f-46f8-8624-76d765093369 - 27180 - LOGS_CAPTURED - Started capturing logs in process (pid: 27180).
[32m2024-08-18 10:15:14 -0400[0m - dagster - [34mDEBUG[0m - earthquake_pipeline - 931cff3e-340f-46f8-8624-76d765093369 - 27180 - dbt_warehouse - STEP_START - Started execution of step "dbt_warehouse".
[32m2024-08-18 10:15:15 -0400[0m - dagster - [34mINFO[0m - earthquake_pipeline - 931cff3e-340f-46f8-8624-76d765093369 - dbt_warehouse - Copying `/Users/joshuabotticher/dec-capstone/earthquake_elt/App/dbt_earthquake/warehouse/target/partial_parse.msgpack` to `/Users/joshuabotticher/dec-capstone/earthquake_elt/App/dbt_earthquake/warehouse/target/dbt_warehouse-931cff3-0c730ba/partial_parse.msgpack` to take advantage of partial parsing.
[32m2024-08-18 10:15:15 -0400[0m - dagster - [34mINFO[0m - earthquake_pipeline - 931cff3e-340f-46f8-8624-76d765093369 - dbt_warehouse - Running dbt command: `dbt run`.
[32m2024-08-18 10:15:37 -0400[0m - dagster - [34mINFO[0m - earthquake_pipeline - 931cff3e-340f-46f8-8624-76d765093369 - dbt_warehouse - No dbt manifest was provided. Dagster events for dbt tests will not be created.
[32m2024-08-18 10:15:37 -0400[0m - dagster - [34mERROR[0m - [31mearthquake_pipeline - 931cff3e-340f-46f8-8624-76d765093369 - 27180 - dbt_warehouse - STEP_FAILURE - Execution of step "dbt_warehouse" failed.

dagster._core.errors.DagsterExecutionStepExecutionError: Error occurred while executing op "dbt_warehouse"::

KeyError: 'nodes'

Stack Trace:
  File "/Users/joshuabotticher/Library/Python/3.9/lib/python/site-packages/dagster/_core/execution/plan/utils.py", line 54, in op_execution_error_boundary
    yield
  File "/Users/joshuabotticher/Library/Python/3.9/lib/python/site-packages/dagster/_utils/__init__.py", line 474, in iterate_with_context
    next_output = next(iterator)
  File "/Users/joshuabotticher/dec-capstone/earthquake_elt/App/dagster_elt/dagster_elt/assets/dbt/dbt.py", line 31, in dbt_warehouse
    yield from dbt_warehouse_resource.cli(["run"], context=context).stream()
  File "/Users/joshuabotticher/Library/Python/3.9/lib/python/site-packages/dagster_dbt/core/dbt_event_iterator.py", line 203, in __next__
    return next(self._inner_iterator)
  File "/Users/joshuabotticher/Library/Python/3.9/lib/python/site-packages/dagster_dbt/core/dbt_cli_invocation.py", line 270, in _stream_asset_events
    yield from event.to_default_asset_events(
  File "/Users/joshuabotticher/Library/Python/3.9/lib/python/site-packages/dagster_dbt/core/dbt_cli_event.py", line 322, in to_default_asset_events
    dbt_resource_props = manifest["nodes"][unique_id]
[0m
