[32m2024-08-18 09:56:42 -0400[0m - dagster - [34mDEBUG[0m - earthquake_pipeline - f4a85f9f-f24b-49b3-9c16-5643bf5d773a - 25690 - LOGS_CAPTURED - Started capturing logs in process (pid: 25690).
[32m2024-08-18 09:56:42 -0400[0m - dagster - [34mDEBUG[0m - earthquake_pipeline - f4a85f9f-f24b-49b3-9c16-5643bf5d773a - 25690 - raw_earthquake - STEP_START - Started execution of step "raw_earthquake".
[32m2024-08-18 09:56:42 -0400[0m - dagster - [34mINFO[0m - earthquake_pipeline - f4a85f9f-f24b-49b3-9c16-5643bf5d773a - raw_earthquake - Triggering Airbyte sync for connection ID: 6ea9dba8-00d9-497d-a0ec-e9b30bf2363a
[32m2024-08-18 09:56:42 -0400[0m - dagster - [34mINFO[0m - earthquake_pipeline - f4a85f9f-f24b-49b3-9c16-5643bf5d773a - raw_earthquake - Checking Airbyte server health at http://localhost:8001/api/public/v1/health
[32m2024-08-18 09:56:42 -0400[0m - dagster - [34mINFO[0m - earthquake_pipeline - f4a85f9f-f24b-49b3-9c16-5643bf5d773a - raw_earthquake - Airbyte connection is valid.
[32m2024-08-18 09:56:42 -0400[0m - dagster - [34mINFO[0m - earthquake_pipeline - f4a85f9f-f24b-49b3-9c16-5643bf5d773a - raw_earthquake - Triggering Airbyte sync job with connection ID: 6ea9dba8-00d9-497d-a0ec-e9b30bf2363a at http://localhost:8001/api/public/v1/jobs
[32m2024-08-18 09:56:46 -0400[0m - dagster - [34mDEBUG[0m - earthquake_pipeline - f4a85f9f-f24b-49b3-9c16-5643bf5d773a - raw_earthquake - Sync job trigger response: Status code: 200 - Response text: {"jobId":274,"status":"running","jobType":"sync","startTime":"2024-08-18T13:56:45Z","connectionId":"6ea9dba8-00d9-497d-a0ec-e9b30bf2363a","duration":"PT0S"}
[32m2024-08-18 09:56:46 -0400[0m - dagster - [34mINFO[0m - earthquake_pipeline - f4a85f9f-f24b-49b3-9c16-5643bf5d773a - raw_earthquake - Sync job triggered successfully. Job ID: 274
[32m2024-08-18 09:56:46 -0400[0m - dagster - [34mINFO[0m - earthquake_pipeline - f4a85f9f-f24b-49b3-9c16-5643bf5d773a - raw_earthquake - Checking status of Airbyte sync job with Job ID: 274
[32m2024-08-18 09:56:46 -0400[0m - dagster - [34mDEBUG[0m - earthquake_pipeline - f4a85f9f-f24b-49b3-9c16-5643bf5d773a - raw_earthquake - Requesting job status from http://localhost:8001/api/public/v1/jobs/274
[32m2024-08-18 09:56:46 -0400[0m - dagster - [34mDEBUG[0m - earthquake_pipeline - f4a85f9f-f24b-49b3-9c16-5643bf5d773a - raw_earthquake - Job status response: Status code: 200 - Response text: {"jobId":274,"status":"running","jobType":"sync","startTime":"2024-08-18T13:56:45Z","connectionId":"6ea9dba8-00d9-497d-a0ec-e9b30bf2363a","duration":"PT0S","bytesSynced":0,"rowsSynced":0}
[32m2024-08-18 09:56:46 -0400[0m - dagster - [34mINFO[0m - earthquake_pipeline - f4a85f9f-f24b-49b3-9c16-5643bf5d773a - raw_earthquake - Job 274 is still in progress. Checking again in 10 seconds.
[32m2024-08-18 09:56:56 -0400[0m - dagster - [34mDEBUG[0m - earthquake_pipeline - f4a85f9f-f24b-49b3-9c16-5643bf5d773a - raw_earthquake - Requesting job status from http://localhost:8001/api/public/v1/jobs/274
[32m2024-08-18 09:56:56 -0400[0m - dagster - [34mDEBUG[0m - earthquake_pipeline - f4a85f9f-f24b-49b3-9c16-5643bf5d773a - raw_earthquake - Job status response: Status code: 200 - Response text: {"jobId":274,"status":"running","jobType":"sync","startTime":"2024-08-18T13:56:45Z","connectionId":"6ea9dba8-00d9-497d-a0ec-e9b30bf2363a","duration":"PT0S","bytesSynced":0,"rowsSynced":0}
[32m2024-08-18 09:56:56 -0400[0m - dagster - [34mINFO[0m - earthquake_pipeline - f4a85f9f-f24b-49b3-9c16-5643bf5d773a - raw_earthquake - Job 274 is still in progress. Checking again in 10 seconds.
[32m2024-08-18 09:57:07 -0400[0m - dagster - [34mDEBUG[0m - earthquake_pipeline - f4a85f9f-f24b-49b3-9c16-5643bf5d773a - raw_earthquake - Requesting job status from http://localhost:8001/api/public/v1/jobs/274
[32m2024-08-18 09:57:07 -0400[0m - dagster - [34mDEBUG[0m - earthquake_pipeline - f4a85f9f-f24b-49b3-9c16-5643bf5d773a - raw_earthquake - Job status response: Status code: 200 - Response text: {"jobId":274,"status":"running","jobType":"sync","startTime":"2024-08-18T13:56:45Z","connectionId":"6ea9dba8-00d9-497d-a0ec-e9b30bf2363a","duration":"PT0S","bytesSynced":0,"rowsSynced":0}
[32m2024-08-18 09:57:07 -0400[0m - dagster - [34mINFO[0m - earthquake_pipeline - f4a85f9f-f24b-49b3-9c16-5643bf5d773a - raw_earthquake - Job 274 is still in progress. Checking again in 10 seconds.
[32m2024-08-18 09:57:17 -0400[0m - dagster - [34mDEBUG[0m - earthquake_pipeline - f4a85f9f-f24b-49b3-9c16-5643bf5d773a - raw_earthquake - Requesting job status from http://localhost:8001/api/public/v1/jobs/274
[32m2024-08-18 09:57:18 -0400[0m - dagster - [34mDEBUG[0m - earthquake_pipeline - f4a85f9f-f24b-49b3-9c16-5643bf5d773a - raw_earthquake - Job status response: Status code: 200 - Response text: {"jobId":274,"status":"running","jobType":"sync","startTime":"2024-08-18T13:56:45Z","connectionId":"6ea9dba8-00d9-497d-a0ec-e9b30bf2363a","duration":"PT0S","bytesSynced":0,"rowsSynced":0}
[32m2024-08-18 09:57:18 -0400[0m - dagster - [34mINFO[0m - earthquake_pipeline - f4a85f9f-f24b-49b3-9c16-5643bf5d773a - raw_earthquake - Job 274 is still in progress. Checking again in 10 seconds.
[32m2024-08-18 09:57:28 -0400[0m - dagster - [34mDEBUG[0m - earthquake_pipeline - f4a85f9f-f24b-49b3-9c16-5643bf5d773a - raw_earthquake - Requesting job status from http://localhost:8001/api/public/v1/jobs/274
[32m2024-08-18 09:57:28 -0400[0m - dagster - [34mDEBUG[0m - earthquake_pipeline - f4a85f9f-f24b-49b3-9c16-5643bf5d773a - raw_earthquake - Job status response: Status code: 200 - Response text: {"jobId":274,"status":"running","jobType":"sync","startTime":"2024-08-18T13:56:45Z","connectionId":"6ea9dba8-00d9-497d-a0ec-e9b30bf2363a","duration":"PT0S","bytesSynced":0,"rowsSynced":0}
[32m2024-08-18 09:57:28 -0400[0m - dagster - [34mINFO[0m - earthquake_pipeline - f4a85f9f-f24b-49b3-9c16-5643bf5d773a - raw_earthquake - Job 274 is still in progress. Checking again in 10 seconds.
[32m2024-08-18 09:57:39 -0400[0m - dagster - [34mDEBUG[0m - earthquake_pipeline - f4a85f9f-f24b-49b3-9c16-5643bf5d773a - raw_earthquake - Requesting job status from http://localhost:8001/api/public/v1/jobs/274
[32m2024-08-18 09:57:39 -0400[0m - dagster - [34mDEBUG[0m - earthquake_pipeline - f4a85f9f-f24b-49b3-9c16-5643bf5d773a - raw_earthquake - Job status response: Status code: 200 - Response text: {"jobId":274,"status":"running","jobType":"sync","startTime":"2024-08-18T13:56:45Z","connectionId":"6ea9dba8-00d9-497d-a0ec-e9b30bf2363a","duration":"PT0S","bytesSynced":0,"rowsSynced":0}
[32m2024-08-18 09:57:39 -0400[0m - dagster - [34mINFO[0m - earthquake_pipeline - f4a85f9f-f24b-49b3-9c16-5643bf5d773a - raw_earthquake - Job 274 is still in progress. Checking again in 10 seconds.
[32m2024-08-18 09:57:49 -0400[0m - dagster - [34mDEBUG[0m - earthquake_pipeline - f4a85f9f-f24b-49b3-9c16-5643bf5d773a - raw_earthquake - Requesting job status from http://localhost:8001/api/public/v1/jobs/274
[32m2024-08-18 09:57:49 -0400[0m - dagster - [34mDEBUG[0m - earthquake_pipeline - f4a85f9f-f24b-49b3-9c16-5643bf5d773a - raw_earthquake - Job status response: Status code: 200 - Response text: {"jobId":274,"status":"succeeded","jobType":"sync","startTime":"2024-08-18T13:56:45Z","connectionId":"6ea9dba8-00d9-497d-a0ec-e9b30bf2363a","lastUpdatedAt":"2024-08-18T13:57:40Z","duration":"PT55S","bytesSynced":149957,"rowsSynced":1}
[32m2024-08-18 09:57:49 -0400[0m - dagster - [34mINFO[0m - earthquake_pipeline - f4a85f9f-f24b-49b3-9c16-5643bf5d773a - raw_earthquake - Airbyte sync job 274 completed successfully.
[32m2024-08-18 09:57:49 -0400[0m - dagster - [34mDEBUG[0m - earthquake_pipeline - f4a85f9f-f24b-49b3-9c16-5643bf5d773a - 25690 - raw_earthquake - STEP_OUTPUT - Yielded output "result" of type "Nothing". (Type check passed).
[32m2024-08-18 09:57:49 -0400[0m - dagster - [34mDEBUG[0m - earthquake_pipeline - f4a85f9f-f24b-49b3-9c16-5643bf5d773a - 25690 - raw_earthquake - STEP_SUCCESS - Finished execution of step "raw_earthquake" in 1m7s.
