[32m2024-08-18 09:56:42 -0400[0m - dagster - [34mDEBUG[0m - earthquake_pipeline - f4a85f9f-f24b-49b3-9c16-5643bf5d773a - 25688 - LOGS_CAPTURED - Started capturing logs in process (pid: 25688).
[32m2024-08-18 09:56:42 -0400[0m - dagster - [34mDEBUG[0m - earthquake_pipeline - f4a85f9f-f24b-49b3-9c16-5643bf5d773a - 25688 - dbt_warehouse - STEP_START - Started execution of step "dbt_warehouse".
[32m2024-08-18 09:56:42 -0400[0m - dagster - [34mINFO[0m - earthquake_pipeline - f4a85f9f-f24b-49b3-9c16-5643bf5d773a - dbt_warehouse - Copying `/Users/joshuabotticher/dec-capstone/earthquake_elt/App/dbt_earthquake/warehouse/target/partial_parse.msgpack` to `/Users/joshuabotticher/dec-capstone/earthquake_elt/App/dbt_earthquake/warehouse/target/dbt_warehouse-f4a85f9-c1f0e4a/partial_parse.msgpack` to take advantage of partial parsing.
[32m2024-08-18 09:56:42 -0400[0m - dagster - [34mINFO[0m - earthquake_pipeline - f4a85f9f-f24b-49b3-9c16-5643bf5d773a - dbt_warehouse - Running dbt command: `dbt run`.
[32m2024-08-18 09:57:11 -0400[0m - dagster - [34mINFO[0m - earthquake_pipeline - f4a85f9f-f24b-49b3-9c16-5643bf5d773a - dbt_warehouse - No dbt manifest was provided. Dagster events for dbt tests will not be created.
[32m2024-08-18 09:57:15 -0400[0m - dagster - [34mERROR[0m - [31mearthquake_pipeline - f4a85f9f-f24b-49b3-9c16-5643bf5d773a - 25688 - dbt_warehouse - STEP_FAILURE - Execution of step "dbt_warehouse" failed.

dagster._core.errors.DagsterExecutionStepExecutionError: Error occurred while executing op "dbt_warehouse"::

KeyError: 'nodes'

Stack Trace:
  File "/Users/joshuabotticher/Library/Python/3.9/lib/python/site-packages/dagster/_core/execution/plan/utils.py", line 54, in op_execution_error_boundary
    yield
  File "/Users/joshuabotticher/Library/Python/3.9/lib/python/site-packages/dagster/_utils/__init__.py", line 474, in iterate_with_context
    next_output = next(iterator)
  File "/Users/joshuabotticher/dec-capstone/earthquake_elt/App/dagster_elt/dagster_elt/assets/dbt/dbt.py", line 27, in dbt_warehouse
    yield from dbt_warehouse_resource.cli(["run"], context=context).stream()
  File "/Users/joshuabotticher/Library/Python/3.9/lib/python/site-packages/dagster_dbt/core/dbt_event_iterator.py", line 203, in __next__
    return next(self._inner_iterator)
  File "/Users/joshuabotticher/Library/Python/3.9/lib/python/site-packages/dagster_dbt/core/dbt_cli_invocation.py", line 270, in _stream_asset_events
    yield from event.to_default_asset_events(
  File "/Users/joshuabotticher/Library/Python/3.9/lib/python/site-packages/dagster_dbt/core/dbt_cli_event.py", line 322, in to_default_asset_events
    dbt_resource_props = manifest["nodes"][unique_id]
[0m
